[debug] [2022-01-05T06:59:08.024Z] ----------------------------------------------------------------------
[debug] [2022-01-05T06:59:08.028Z] Command:       C:\Program Files (x86)\nodejs\node.exe C:\Users\USER\AppData\Roaming\npm\node_modules\firebase-tools\lib\bin\firebase.js init
[debug] [2022-01-05T06:59:08.028Z] CLI Version:   10.0.1
[debug] [2022-01-05T06:59:08.028Z] Platform:      win32
[debug] [2022-01-05T06:59:08.029Z] Node Version:  v16.13.1
[debug] [2022-01-05T06:59:08.030Z] Time:          Wed Jan 05 2022 12:29:08 GMT+0530 (India Standard Time)
[debug] [2022-01-05T06:59:08.030Z] ----------------------------------------------------------------------
[debug] 
[debug] [2022-01-05T06:59:08.040Z] > command requires scopes: ["email","openid","https://www.googleapis.com/auth/cloudplatformprojects.readonly","https://www.googleapis.com/auth/firebase","https://www.googleapis.com/auth/cloud-platform"]
[debug] [2022-01-05T06:59:08.040Z] > authorizing via signed-in user (muhammadroshan788@gmail.com)
[info] 
     ######## #### ########  ######## ########     ###     ######  ########
     ##        ##  ##     ## ##       ##     ##  ##   ##  ##       ##
     ######    ##  ########  ######   ########  #########  ######  ######
     ##        ##  ##    ##  ##       ##     ## ##     ##       ## ##
     ##       #### ##     ## ######## ########  ##     ##  ######  ########

You're about to initialize a Firebase project in this directory:

  C:\Users\USER\Desktop\A-to-Z-Agnecy.github.io

[info] 
=== Project Setup
[info] 
[info] First, let's associate this project directory with a Firebase project.
[info] You can create multiple project aliases by running firebase use --add, 
[info] but for now we'll just set up a default project.
[info] 
[debug] [2022-01-05T06:59:17.364Z] >>> [apiv2][query] GET https://firebase.googleapis.com/v1beta1/projects pageSize=100
[debug] [2022-01-05T06:59:18.222Z] <<< [apiv2][status] GET https://firebase.googleapis.com/v1beta1/projects 200
[debug] [2022-01-05T06:59:18.223Z] <<< [apiv2][body] GET https://firebase.googleapis.com/v1beta1/projects [omitted]
[info] i  Using project a2zadvertismentagency (a2zadvertismentagency) 
[info] 
=== Hosting Setup
[info] 
[info] Your public directory is the folder (relative to your project directory) that
[info] will contain Hosting assets to be uploaded with firebase deploy. If you
[info] have a build process for your assets, use your build's output directory.
[info] 
[info] +  Wrote y/404.html 
[debug] [2022-01-05T06:59:56.459Z] >>> [apiv2][query] GET https://www.gstatic.com/firebasejs/releases.json [none]
[debug] [2022-01-05T06:59:56.705Z] <<< [apiv2][status] GET https://www.gstatic.com/firebasejs/releases.json 200
[debug] [2022-01-05T06:59:56.706Z] <<< [apiv2][body] GET https://www.gstatic.com/firebasejs/releases.json {"current":{"version":"9.6.1","browserURL":"https://www.gstatic.com/firebasejs/9.6.1/firebase.js","packageURL":"https://www.gstatic.com/firebasejs/9.6.1/firebase.tgz"},"live":{"version":"9.6","browserURL":"https://www.gstatic.com/firebasejs/live/9.6/firebase.js","packageURL":"https://www.gstatic.com/firebasejs/live/9.6/firebase.tgz"},"components":{"analytics":"https://www.gstatic.com/firebasejs/9.6.1/firebase-analytics.js","app":"https://www.gstatic.com/firebasejs/9.6.1/firebase-app.js","app-check":"https://www.gstatic.com/firebasejs/9.6.1/firebase-app-check.js","auth":"https://www.gstatic.com/firebasejs/9.6.1/firebase-auth.js","auth/cordova":"https://www.gstatic.com/firebasejs/9.6.1/firebase-auth/cordova.js","auth/react-native":"https://www.gstatic.com/firebasejs/9.6.1/firebase-auth/react-native.js","functions":"https://www.gstatic.com/firebasejs/9.6.1/firebase-functions.js","firestore":"https://www.gstatic.com/firebasejs/9.6.1/firebase-firestore.js","firestore/lite":"https://www.gstatic.com/firebasejs/9.6.1/firebase-firestore/lite.js","storage":"https://www.gstatic.com/firebasejs/9.6.1/firebase-storage.js","performance":"https://www.gstatic.com/firebasejs/9.6.1/firebase-performance.js","remote-config":"https://www.gstatic.com/firebasejs/9.6.1/firebase-remote-config.js","messaging":"https://www.gstatic.com/firebasejs/9.6.1/firebase-messaging.js","messaging/sw":"https://www.gstatic.com/firebasejs/9.6.1/firebase-messaging/sw.js","database":"https://www.gstatic.com/firebasejs/9.6.1/firebase-database.js","firestore.memory":"https://www.gstatic.com/firebasejs/9.6.1/firebase-firestore.memory.js"}}
[info] +  Wrote y/index.html 
[info] 
[info] i  Detected a .git folder at C:\Users\USER\Desktop\A-to-Z-Agnecy.github.io 
[info] i  Authorizing with GitHub to upload your service account to a GitHub repository's secrets store. 
[info] 
[info] Visit this URL on this device to log in:
[info] https://github.com/login/oauth/authorize?client_id=89cf50f02ac6aaed3484&state=964296854&redirect_uri=http%3A%2F%2Flocalhost%3A9005&scope=read%3Auser%20repo%20public_repo
[info] 
[info] Waiting for authentication...
[debug] [2022-01-05T07:00:11.525Z] >>> HTTP REQUEST POST https://github.com/login/oauth/access_token  
 {"client_id":"89cf50f02ac6aaed3484","client_secret":"3330d14abc895d9a74d5f17cd7a00711fa2c5bf0","code":"27dfc9479b38f29d3acb","redirect_uri":"http://localhost:9005","state":"964296854"}
[debug] [2022-01-05T07:00:12.047Z] <<< HTTP RESPONSE 200 {"server":"GitHub.com","date":"Wed, 05 Jan 2022 07:00:12 GMT","content-type":"application/json; charset=utf-8","transfer-encoding":"chunked","vary":"X-PJAX, X-PJAX-Container, Accept-Encoding, Accept, X-Requested-With","permissions-policy":"interest-cohort=()","etag":"W/\"e69b2d87b79fbdc4d1b11968ec6dd42e\"","cache-control":"max-age=0, private, must-revalidate","strict-transport-security":"max-age=31536000; includeSubdomains; preload","x-frame-options":"deny","x-content-type-options":"nosniff","x-xss-protection":"0","referrer-policy":"origin-when-cross-origin, strict-origin-when-cross-origin","expect-ct":"max-age=2592000, report-uri=\"https://api.github.com/_private/browser/errors\"","content-security-policy":"default-src 'none'; base-uri 'self'; block-all-mixed-content; child-src github.com/assets-cdn/worker/ gist.github.com/assets-cdn/worker/; connect-src 'self' uploads.github.com objects-origin.githubusercontent.com www.githubstatus.com collector.githubapp.com api.github.com github-cloud.s3.amazonaws.com github-production-repository-file-5c1aeb.s3.amazonaws.com github-production-upload-manifest-file-7fdce7.s3.amazonaws.com github-production-user-asset-6210df.s3.amazonaws.com cdn.optimizely.com logx.optimizely.com/v1/events translator.github.com wss://alive.github.com; font-src github.githubassets.com; form-action 'self' github.com gist.github.com objects-origin.githubusercontent.com; frame-ancestors 'none'; frame-src render.githubusercontent.com viewscreen.githubusercontent.com notebooks.githubusercontent.com; img-src 'self' data: github.githubassets.com identicons.github.com collector.githubapp.com github-cloud.s3.amazonaws.com secured-user-images.githubusercontent.com/ *.githubusercontent.com; manifest-src 'self'; media-src github.com user-images.githubusercontent.com/; script-src github.githubassets.com; style-src 'unsafe-inline' github.githubassets.com; worker-src github.com/assets-cdn/worker/ gist.github.com/assets-cdn/worker/","x-github-request-id":"D7D0:5F99:113A3FE:13EDB17:61D541FC"}
[debug] [2022-01-05T07:00:12.066Z] >>> [apiv2][query] GET https://api.github.com/user [none]
[debug] [2022-01-05T07:00:12.596Z] <<< [apiv2][status] GET https://api.github.com/user 200
[debug] [2022-01-05T07:00:12.597Z] <<< [apiv2][body] GET https://api.github.com/user {"login":"roshan-ican","id":66337567,"node_id":"MDQ6VXNlcjY2MzM3NTY3","avatar_url":"https://avatars.githubusercontent.com/u/66337567?v=4","gravatar_id":"","url":"https://api.github.com/users/roshan-ican","html_url":"https://github.com/roshan-ican","followers_url":"https://api.github.com/users/roshan-ican/followers","following_url":"https://api.github.com/users/roshan-ican/following{/other_user}","gists_url":"https://api.github.com/users/roshan-ican/gists{/gist_id}","starred_url":"https://api.github.com/users/roshan-ican/starred{/owner}{/repo}","subscriptions_url":"https://api.github.com/users/roshan-ican/subscriptions","organizations_url":"https://api.github.com/users/roshan-ican/orgs","repos_url":"https://api.github.com/users/roshan-ican/repos","events_url":"https://api.github.com/users/roshan-ican/events{/privacy}","received_events_url":"https://api.github.com/users/roshan-ican/received_events","type":"User","site_admin":false,"name":"Muhammad Roshan ali","company":null,"blog":"","location":"From Gangtok, Sikkim","email":null,"hireable":null,"bio":"- On my Journey to becoming Self Taught developer.\r\n- Hobbies: Reading, Running, and Singing...\r\n- Goal: To be Best prepare myself for death, with good deeds...","twitter_username":"I_am_Muhammad","public_repos":39,"public_gists":0,"followers":6,"following":13,"created_at":"2020-06-02T22:20:02Z","updated_at":"2021-12-23T09:22:31Z","private_gists":0,"total_private_repos":3,"owned_private_repos":3,"disk_usage":50815,"collaborators":0,"two_factor_authentication":false,"plan":{"name":"free","space":976562499,"collaborators":0,"private_repos":10000}}
[info] 
[info] +  Success! Logged into GitHub as roshan-ican 
[info] 
[debug] [2022-01-05T07:00:25.448Z] >>> [apiv2][query] GET https://api.github.com/repos//actions/secrets/public-key type=owner
[debug] [2022-01-05T07:00:25.793Z] <<< [apiv2][status] GET https://api.github.com/repos//actions/secrets/public-key 404
[debug] [2022-01-05T07:00:25.794Z] <<< [apiv2][body] GET https://api.github.com/repos//actions/secrets/public-key {"message":"Not Found","documentation_url":"https://docs.github.com/rest"}
[debug] [2022-01-05T07:01:29.840Z] >>> [apiv2][query] GET https://api.github.com/repos//actions/secrets/public-key type=owner
[debug] [2022-01-05T07:01:30.276Z] <<< [apiv2][status] GET https://api.github.com/repos//actions/secrets/public-key 404
[debug] [2022-01-05T07:01:30.276Z] <<< [apiv2][body] GET https://api.github.com/repos//actions/secrets/public-key {"message":"Not Found","documentation_url":"https://docs.github.com/rest"}
[debug] [2022-01-05T07:04:20.163Z] >>> [apiv2][query] GET https://api.github.com/repos/roshan/A-to-Z-Agency.github.io/actions/secrets/public-key type=owner
[debug] [2022-01-05T07:04:20.595Z] <<< [apiv2][status] GET https://api.github.com/repos/roshan/A-to-Z-Agency.github.io/actions/secrets/public-key 404
[debug] [2022-01-05T07:04:20.595Z] <<< [apiv2][body] GET https://api.github.com/repos/roshan/A-to-Z-Agency.github.io/actions/secrets/public-key {"message":"Not Found","documentation_url":"https://docs.github.com/rest/reference/actions#get-a-repository-public-key"}
[debug] [2022-01-05T07:04:29.658Z] >>> [apiv2][query] GET https://api.github.com/repos/roshan/A-to-Z-Agency.github.io/actions/secrets/public-key type=owner
[debug] [2022-01-05T07:04:30.034Z] <<< [apiv2][status] GET https://api.github.com/repos/roshan/A-to-Z-Agency.github.io/actions/secrets/public-key 404
[debug] [2022-01-05T07:04:30.035Z] <<< [apiv2][body] GET https://api.github.com/repos/roshan/A-to-Z-Agency.github.io/actions/secrets/public-key {"message":"Not Found","documentation_url":"https://docs.github.com/rest/reference/actions#get-a-repository-public-key"}
[debug] [2022-01-05T07:04:49.770Z] >>> [apiv2][query] GET https://api.github.com/repos/roshan-ican/A-to-Z-Agency.github.io/actions/secrets/public-key type=owner
[debug] [2022-01-05T07:04:50.150Z] <<< [apiv2][status] GET https://api.github.com/repos/roshan-ican/A-to-Z-Agency.github.io/actions/secrets/public-key 404
[debug] [2022-01-05T07:04:50.150Z] <<< [apiv2][body] GET https://api.github.com/repos/roshan-ican/A-to-Z-Agency.github.io/actions/secrets/public-key {"message":"Not Found","documentation_url":"https://docs.github.com/rest/reference/actions#get-a-repository-public-key"}
[debug] [2022-01-05T07:05:25.035Z] >>> [apiv2][query] GET https://api.github.com/repos//actions/secrets/public-key type=owner
[debug] [2022-01-05T07:05:25.439Z] <<< [apiv2][status] GET https://api.github.com/repos//actions/secrets/public-key 404
[debug] [2022-01-05T07:05:25.439Z] <<< [apiv2][body] GET https://api.github.com/repos//actions/secrets/public-key {"message":"Not Found","documentation_url":"https://docs.github.com/rest"}
[debug] [2022-01-05T07:05:25.491Z] >>> [apiv2][query] GET https://api.github.com/repos//actions/secrets/public-key type=owner
[debug] [2022-01-05T07:05:25.659Z] >>> [apiv2][query] GET https://api.github.com/repos//actions/secrets/public-key type=owner
[debug] [2022-01-05T07:05:25.853Z] <<< [apiv2][status] GET https://api.github.com/repos//actions/secrets/public-key 404
[debug] [2022-01-05T07:05:25.853Z] <<< [apiv2][body] GET https://api.github.com/repos//actions/secrets/public-key {"message":"Not Found","documentation_url":"https://docs.github.com/rest"}
[debug] [2022-01-05T07:05:26.026Z] <<< [apiv2][status] GET https://api.github.com/repos//actions/secrets/public-key 404
[debug] [2022-01-05T07:05:26.027Z] <<< [apiv2][body] GET https://api.github.com/repos//actions/secrets/public-key {"message":"Not Found","documentation_url":"https://docs.github.com/rest"}
[debug] [2022-01-05T07:05:26.107Z] >>> [apiv2][query] GET https://api.github.com/repos//actions/secrets/public-key type=owner
[debug] [2022-01-05T07:05:26.299Z] >>> [apiv2][query] GET https://api.github.com/repos//actions/secrets/public-key type=owner
[debug] [2022-01-05T07:05:26.515Z] >>> [apiv2][query] GET https://api.github.com/repos//actions/secrets/public-key type=owner
[debug] [2022-01-05T07:05:26.543Z] <<< [apiv2][status] GET https://api.github.com/repos//actions/secrets/public-key 404
[debug] [2022-01-05T07:05:26.543Z] <<< [apiv2][body] GET https://api.github.com/repos//actions/secrets/public-key {"message":"Not Found","documentation_url":"https://docs.github.com/rest"}
[debug] [2022-01-05T07:05:26.644Z] <<< [apiv2][status] GET https://api.github.com/repos//actions/secrets/public-key 404
[debug] [2022-01-05T07:05:26.644Z] <<< [apiv2][body] GET https://api.github.com/repos//actions/secrets/public-key {"message":"Not Found","documentation_url":"https://docs.github.com/rest"}
[debug] [2022-01-05T07:05:26.707Z] >>> [apiv2][query] GET https://api.github.com/repos//actions/secrets/public-key type=owner
[debug] [2022-01-05T07:05:26.857Z] <<< [apiv2][status] GET https://api.github.com/repos//actions/secrets/public-key 404
[debug] [2022-01-05T07:05:26.858Z] <<< [apiv2][body] GET https://api.github.com/repos//actions/secrets/public-key {"message":"Not Found","documentation_url":"https://docs.github.com/rest"}
[debug] [2022-01-05T07:05:26.899Z] >>> [apiv2][query] GET https://api.github.com/repos//actions/secrets/public-key type=owner
[debug] [2022-01-05T07:05:27.050Z] <<< [apiv2][status] GET https://api.github.com/repos//actions/secrets/public-key 404
[debug] [2022-01-05T07:05:27.050Z] <<< [apiv2][body] GET https://api.github.com/repos//actions/secrets/public-key {"message":"Not Found","documentation_url":"https://docs.github.com/rest"}
[debug] [2022-01-05T07:05:27.244Z] <<< [apiv2][status] GET https://api.github.com/repos//actions/secrets/public-key 404
[debug] [2022-01-05T07:05:27.244Z] <<< [apiv2][body] GET https://api.github.com/repos//actions/secrets/public-key {"message":"Not Found","documentation_url":"https://docs.github.com/rest"}
[debug] [2022-01-05T07:05:32.051Z] >>> [apiv2][query] GET https://api.github.com/repos/roshan-ican/A-to-Z-Agency.github.io/actions/secrets/public-key type=owner
[debug] [2022-01-05T07:05:32.400Z] <<< [apiv2][status] GET https://api.github.com/repos/roshan-ican/A-to-Z-Agency.github.io/actions/secrets/public-key 404
[debug] [2022-01-05T07:05:32.401Z] <<< [apiv2][body] GET https://api.github.com/repos/roshan-ican/A-to-Z-Agency.github.io/actions/secrets/public-key {"message":"Not Found","documentation_url":"https://docs.github.com/rest/reference/actions#get-a-repository-public-key"}
[debug] [2022-01-05T07:05:35.595Z] >>> [apiv2][query] GET https://api.github.com/repos/roshan-ican/A-to-Z-Agency.github.io/actions/secrets/public-key type=owner
[debug] [2022-01-05T07:05:35.943Z] <<< [apiv2][status] GET https://api.github.com/repos/roshan-ican/A-to-Z-Agency.github.io/actions/secrets/public-key 404
[debug] [2022-01-05T07:05:35.944Z] <<< [apiv2][body] GET https://api.github.com/repos/roshan-ican/A-to-Z-Agency.github.io/actions/secrets/public-key {"message":"Not Found","documentation_url":"https://docs.github.com/rest/reference/actions#get-a-repository-public-key"}
[debug] [2022-01-05T07:05:41.003Z] >>> [apiv2][query] GET https://api.github.com/repos//actions/secrets/public-key type=owner
[debug] [2022-01-05T07:05:41.366Z] <<< [apiv2][status] GET https://api.github.com/repos//actions/secrets/public-key 404
[debug] [2022-01-05T07:05:41.367Z] <<< [apiv2][body] GET https://api.github.com/repos//actions/secrets/public-key {"message":"Not Found","documentation_url":"https://docs.github.com/rest"}
[debug] [2022-01-05T07:05:42.971Z] >>> [apiv2][query] GET https://api.github.com/repos/roshan/A-to-Z-Agency.github.io/actions/secrets/public-key type=owner
[debug] [2022-01-05T07:05:43.322Z] <<< [apiv2][status] GET https://api.github.com/repos/roshan/A-to-Z-Agency.github.io/actions/secrets/public-key 404
[debug] [2022-01-05T07:05:43.322Z] <<< [apiv2][body] GET https://api.github.com/repos/roshan/A-to-Z-Agency.github.io/actions/secrets/public-key {"message":"Not Found","documentation_url":"https://docs.github.com/rest/reference/actions#get-a-repository-public-key"}
[debug] [2022-01-05T07:06:52.797Z] >>> [apiv2][query] GET https://api.github.com/repos/roshan-ican/A-to-Z-Agency.github.io/actions/secrets/public-key type=owner
[debug] [2022-01-05T07:06:53.241Z] <<< [apiv2][status] GET https://api.github.com/repos/roshan-ican/A-to-Z-Agency.github.io/actions/secrets/public-key 404
[debug] [2022-01-05T07:06:53.241Z] <<< [apiv2][body] GET https://api.github.com/repos/roshan-ican/A-to-Z-Agency.github.io/actions/secrets/public-key {"message":"Not Found","documentation_url":"https://docs.github.com/rest/reference/actions#get-a-repository-public-key"}
[debug] [2022-01-05T07:07:03.405Z] >>> [apiv2][query] GET https://api.github.com/repos/cd../actions/secrets/public-key type=owner
[debug] [2022-01-05T07:07:03.765Z] <<< [apiv2][status] GET https://api.github.com/repos/cd../actions/secrets/public-key 404
[debug] [2022-01-05T07:07:03.765Z] <<< [apiv2][body] GET https://api.github.com/repos/cd../actions/secrets/public-key {"message":"Not Found","documentation_url":"https://docs.github.com/rest"}
[debug] [2022-01-05T07:07:18.165Z] >>> [apiv2][query] GET https://api.github.com/repos/firebase deploy/actions/secrets/public-key type=owner
[debug] [2022-01-05T07:07:18.511Z] <<< [apiv2][status] GET https://api.github.com/repos/firebase deploy/actions/secrets/public-key 404
[debug] [2022-01-05T07:07:18.511Z] <<< [apiv2][body] GET https://api.github.com/repos/firebase deploy/actions/secrets/public-key {"message":"Not Found","documentation_url":"https://docs.github.com/rest"}
[debug] [2022-01-05T07:07:18.653Z] >>> [apiv2][query] GET https://api.github.com/repos//actions/secrets/public-key type=owner
[debug] [2022-01-05T07:07:18.993Z] <<< [apiv2][status] GET https://api.github.com/repos//actions/secrets/public-key 404
[debug] [2022-01-05T07:07:18.994Z] <<< [apiv2][body] GET https://api.github.com/repos//actions/secrets/public-key {"message":"Not Found","documentation_url":"https://docs.github.com/rest"}
